<?xml version="1.0" encoding="UTF-8"?>
<!-- Generated by org.testng.reporters.JUnitReportReporter -->
<testsuite hostname="DESKTOP-GJH8VCT" failures="0" tests="1" name="testpkg.SSLoginTest" time="14.128" errors="0" timestamp="2024-03-22T15:32:25 IST" skipped="0">
  <testcase classname="testpkg.SSLoginTest" name="testLogin" time="14.128"/>
</testsuite> <!-- testpkg.SSLoginTest -->
